[debug] [2023-05-03T07:48:28.995Z] ----------------------------------------------------------------------
[debug] [2023-05-03T07:48:29.002Z] Command:       C:\Program Files\nodejs\node.exe C:\Program Files\nodejs\node_modules\firebase-tools\lib\bin\firebase.js init
[debug] [2023-05-03T07:48:29.003Z] CLI Version:   11.22.0
[debug] [2023-05-03T07:48:29.003Z] Platform:      win32
[debug] [2023-05-03T07:48:29.003Z] Node Version:  v16.18.0
[debug] [2023-05-03T07:48:29.015Z] Time:          Wed May 03 2023 09:48:29 GMT+0200 (Central European Summer Time)
[debug] [2023-05-03T07:48:29.015Z] ----------------------------------------------------------------------
[debug] 
[debug] [2023-05-03T07:48:29.031Z] >>> [apiv2][query] GET https://firebase-public.firebaseio.com/cli.json [none]
[debug] [2023-05-03T07:48:29.052Z] > command requires scopes: ["email","openid","https://www.googleapis.com/auth/cloudplatformprojects.readonly","https://www.googleapis.com/auth/firebase","https://www.googleapis.com/auth/cloud-platform"]
[debug] [2023-05-03T07:48:29.052Z] > authorizing via signed-in user (michivo@gmail.com)
[info] 
     ######## #### ########  ######## ########     ###     ######  ########
     ##        ##  ##     ## ##       ##     ##  ##   ##  ##       ##
     ######    ##  ########  ######   ########  #########  ######  ######
     ##        ##  ##    ##  ##       ##     ## ##     ##       ## ##
     ##       #### ##     ## ######## ########  ##     ##  ######  ########

You're about to initialize a Firebase project in this directory:

  C:\Users\michi\source\repos\ppp\putsch-feedback

[debug] [2023-05-03T07:48:29.444Z] <<< [apiv2][status] GET https://firebase-public.firebaseio.com/cli.json 200
[debug] [2023-05-03T07:48:29.445Z] <<< [apiv2][body] GET https://firebase-public.firebaseio.com/cli.json {"cloudBuildErrorAfter":1594252800000,"cloudBuildWarnAfter":1590019200000,"defaultNode10After":1594252800000,"minVersion":"3.0.5","node8DeploysDisabledAfter":1613390400000,"node8RuntimeDisabledAfter":1615809600000,"node8WarnAfter":1600128000000}
